[0m[[0m[0mdebug[0m] [0m[0m> Exec(;Test/compile; collectAnalyses, None, Some(CommandSource(network-1)))[0m
[0m[[0m[0mdebug[0m] [0m[0munmatched Processing event for requestId None: None[0m
[0m[[0m[0mdebug[0m] [0m[0munmatched Done event for requestId None: None[0m
[0m[[0m[0mdebug[0m] [0m[0m> Exec(Test/compile, None, Some(CommandSource(network-1)))[0m
[0m[[0m[0mdebug[0m] [0m[0munmatched Processing event for requestId None: None[0m
[0m[[0m[0mdebug[0m] [0m[0mEvaluating tasks: Test / compile[0m
[0m[[0m[0mdebug[0m] [0m[0mRunning task... Cancel: Signal, check cycles: false, forcegc: true[0m
[0m[[0m[0mdebug[0m] [0m[0mjsonRpcNotify: JsonRpcNotificationMessage(2.0, build/taskStart, {"taskId":{"id":"94","parents":[]},"eventTime":1646265991282,"message":"Compiling root","dataKind":"compile-task","data":{"target":{"uri":"file:/C:/Users/koney/OneDrive/Bureau/U-pec/Cours%20Ing3/Semestre%202/Outils%20Grid/tpscala1/#root/Compile"}}})[0m
[0m[[0m[0mdebug[0m] [0m[0mjsonRpcNotify: JsonRpcNotificationMessage(2.0, build/publishDiagnostics, {"textDocument":{"uri":"file:///C:/Users/koney/OneDrive/Bureau/U-pec/Cours%20Ing3/Semestre%202/Outils%20Grid/tpscala1/src/main/scala/Connexion.scala"},"buildTarget":{"uri":"file:/C:/Users/koney/OneDrive/Bureau/U-pec/Cours%20Ing3/Semestre%202/Outils%20Grid/tpscala1/#root/Compile"},"diagnostics":[],"reset":true})[0m
[0m[[0m[0mdebug[0m] [0m[0mjsonRpcNotify: JsonRpcNotificationMessage(2.0, build/publishDiagnostics, {"textDocument":{"uri":"file:///C:/Users/koney/OneDrive/Bureau/U-pec/Cours%20Ing3/Semestre%202/Outils%20Grid/tpscala1/src/main/scala/Main.scala"},"buildTarget":{"uri":"file:/C:/Users/koney/OneDrive/Bureau/U-pec/Cours%20Ing3/Semestre%202/Outils%20Grid/tpscala1/#root/Compile"},"diagnostics":[],"reset":true})[0m
[0m[[0m[0mdebug[0m] [0m[0mjsonRpcNotify: JsonRpcNotificationMessage(2.0, build/taskFinish, {"taskId":{"id":"94","parents":[]},"eventTime":1646265991288,"message":"Compiled root","status":1,"dataKind":"compile-report","data":{"target":{"uri":"file:/C:/Users/koney/OneDrive/Bureau/U-pec/Cours%20Ing3/Semestre%202/Outils%20Grid/tpscala1/#root/Compile"},"errors":0,"warnings":0,"time":6}})[0m
[0m[[0m[0mdebug[0m] [0m[0mjsonRpcNotify: JsonRpcNotificationMessage(2.0, build/taskStart, {"taskId":{"id":"95","parents":[]},"eventTime":1646265991293,"message":"Compiling root-test","dataKind":"compile-task","data":{"target":{"uri":"file:/C:/Users/koney/OneDrive/Bureau/U-pec/Cours%20Ing3/Semestre%202/Outils%20Grid/tpscala1/#root/Test"}}})[0m
[0m[[0m[0minfo[0m] [0m[0mcompiling 1 Scala source to C:\Users\koney\OneDrive\Bureau\U-pec\Cours Ing3\Semestre 2\Outils Grid\tpscala1\target\scala-3.1.0\test-classes ...[0m
[0m[[0m[0mdebug[0m] [0m[0mjsonRpcNotify: JsonRpcNotificationMessage(2.0, build/logMessage, {"type":3,"message":"compiling 1 Scala source to C:\\Users\\koney\\OneDrive\\Bureau\\U-pec\\Cours Ing3\\Semestre 2\\Outils Grid\\tpscala1\\target\\scala-3.1.0\\test-classes ..."})[0m
[0m[[0m[0mdebug[0m] [0m[0mjsonRpcNotify: JsonRpcNotificationMessage(2.0, build/publishDiagnostics, {"textDocument":{"uri":"file:///C:/Users/koney/OneDrive/Bureau/U-pec/Cours%20Ing3/Semestre%202/Outils%20Grid/tpscala1/src/test/scala/Test1.scala"},"buildTarget":{"uri":"file:/C:/Users/koney/OneDrive/Bureau/U-pec/Cours%20Ing3/Semestre%202/Outils%20Grid/tpscala1/#root/Test"},"diagnostics":[{"range":{"start":{"line":5,"character":50},"end":{"line":5,"character":53}},"severity":1,"source":"sbt","message":"Not found: msg"}],"reset":false})[0m
[0m[[0m[31merror[0m] [0m[0m[31m-- [E006] Not Found Error: C:\Users\koney\OneDrive\Bureau\U-pec\Cours Ing3\Semestre 2\Outils Grid\tpscala1\src\test\scala\Test1.scala:6:50 [0m[0m
[0m[[0m[31merror[0m] [0m[0m[31m6 |[0m    assertEquals([31m"I was compiled by Scala 3. :)"[0m, msg)[0m
[0m[[0m[31merror[0m] [0m[0m  |                                                  [31m^^^[0m[0m
[0m[[0m[31merror[0m] [0m[0m  |                                                  Not found: msg[0m
[0m[[0m[0mdebug[0m] [0m[0mjsonRpcNotify: JsonRpcNotificationMessage(2.0, build/logMessage, {"type":1,"message":"\u001b[31m-- [E006] Not Found Error: C:\\Users\\koney\\OneDrive\\Bureau\\U-pec\\Cours Ing3\\Semestre 2\\Outils Grid\\tpscala1\\src\\test\\scala\\Test1.scala:6:50 \u001b[0m\r\n\u001b[31m6 |\u001b[0m    assertEquals(\u001b[31m\"I was compiled by Scala 3. :)\"\u001b[0m, msg)\r\n  |                                                  \u001b[31m^^^\u001b[0m\r\n  |                                                  Not found: msg"})[0m
[0m[[0m[31merror[0m] [0m[0mone error found[0m
[0m[[0m[0mdebug[0m] [0m[0mjsonRpcNotify: JsonRpcNotificationMessage(2.0, build/logMessage, {"type":1,"message":"one error found"})[0m
[0m[[0m[31merror[0m] [0m[0mone error found[0m
[0m[[0m[0mdebug[0m] [0m[0mjsonRpcNotify: JsonRpcNotificationMessage(2.0, build/logMessage, {"type":1,"message":"one error found"})[0m
[0m[[0m[0mdebug[0m] [0m[0mjsonRpcNotify: JsonRpcNotificationMessage(2.0, build/publishDiagnostics, {"textDocument":{"uri":"file:///C:/Users/koney/OneDrive/Bureau/U-pec/Cours%20Ing3/Semestre%202/Outils%20Grid/tpscala1/src/test/scala/Test1.scala"},"buildTarget":{"uri":"file:/C:/Users/koney/OneDrive/Bureau/U-pec/Cours%20Ing3/Semestre%202/Outils%20Grid/tpscala1/#root/Test"},"diagnostics":[{"range":{"start":{"line":5,"character":50},"end":{"line":5,"character":53}},"severity":1,"source":"sbt","message":"Not found: msg"}],"reset":true})[0m
[0m[[0m[0mdebug[0m] [0m[0mjsonRpcNotify: JsonRpcNotificationMessage(2.0, build/taskFinish, {"taskId":{"id":"95","parents":[]},"eventTime":1646265991358,"message":"Compiled root-test","status":2,"dataKind":"compile-report","data":{"target":{"uri":"file:/C:/Users/koney/OneDrive/Bureau/U-pec/Cours%20Ing3/Semestre%202/Outils%20Grid/tpscala1/#root/Test"},"errors":1,"warnings":0,"time":65}})[0m
[0m[[0m[0mdebug[0m] [0m[0munmatched json error for requestId None: {"code":-32603,"message":"(Test / \u001b[31mcompileIncremental\u001b[0m) Compilation failed"}[0m
[0m[[0m[31merror[0m] [0m[0m(Test / [31mcompileIncremental[0m) Compilation failed[0m
[0m[[0m[0mdebug[0m] [0m[0mjsonRpcNotify: JsonRpcNotificationMessage(2.0, build/logMessage, {"type":1,"message":"(Test / \u001b[31mcompileIncremental\u001b[0m) Compilation failed"})[0m
[0m[[0m[31merror[0m] [0m[0mTotal time: 0 s, completed 3 mars 2022 à 01:06:31[0m
[0m[[0m[0mdebug[0m] [0m[0munmatched Done event for requestId None: None[0m
[0m[[0m[0mdebug[0m] [0m[0m> Exec(shell, None, None)[0m
